[2025-12-11T14:41:25.714053+00:00] my_app.DEBUG: Це повідомлення для дебагу [] []
[2025-12-11T14:41:25.717405+00:00] my_app.INFO: Інформаційне повідомлення [] []
[2025-12-11T14:41:25.717496+00:00] my_app.NOTICE: Повідомлення про важливу подію [] []
[2025-12-11T14:41:25.717525+00:00] my_app.WARNING: Попередження [] []
[2025-12-11T14:41:25.717549+00:00] my_app.ERROR: Повідомлення про помилку [] []
[2025-12-11T14:41:25.717597+00:00] my_app.CRITICAL: Критична помилка [] []
[2025-12-11T14:41:25.717617+00:00] my_app.ALERT: Тривожне повідомлення [] []
[2025-12-11T14:41:25.717638+00:00] my_app.EMERGENCY: Надзвичайна ситуація [] []
[2025-12-11T14:41:25.717667+00:00] my_app.INFO: Користувач увійшов в систему {"user":{"id":123,"name":"John Doe"}} []
[2025-12-11T14:42:34.028112+00:00] my_app.DEBUG: Це повідомлення для дебагу [] []
[2025-12-11T14:42:34.031204+00:00] my_app.INFO: Інформаційне повідомлення [] []
[2025-12-11T14:42:34.031279+00:00] my_app.NOTICE: Повідомлення про важливу подію [] []
[2025-12-11T14:42:34.031299+00:00] my_app.WARNING: Попередження [] []
[2025-12-11T14:42:34.031315+00:00] my_app.ERROR: Повідомлення про помилку [] []
[2025-12-11T14:42:34.031329+00:00] my_app.CRITICAL: Критична помилка [] []
[2025-12-11T14:42:34.031343+00:00] my_app.ALERT: Тривожне повідомлення [] []
[2025-12-11T14:42:34.031357+00:00] my_app.EMERGENCY: Надзвичайна ситуація [] []
[2025-12-11T14:42:34.031375+00:00] my_app.INFO: Користувач увійшов в систему {"user":{"id":123,"name":"John Doe"}} []
[2025-12-11T14:46:15.437812+00:00] my_app.DEBUG: Це повідомлення для дебагу [] []
[2025-12-11T14:46:15.453050+00:00] my_app.INFO: Інформаційне повідомлення [] []
[2025-12-11T14:46:15.453149+00:00] my_app.NOTICE: Повідомлення про важливу подію [] []
[2025-12-11T14:46:15.453261+00:00] my_app.WARNING: Попередження [] []
[2025-12-11T14:46:15.453298+00:00] my_app.ERROR: Повідомлення про помилку [] []
[2025-12-11T14:46:15.453321+00:00] my_app.CRITICAL: Критична помилка [] []
[2025-12-11T14:46:15.453341+00:00] my_app.ALERT: Тривожне повідомлення [] []
[2025-12-11T14:46:15.453369+00:00] my_app.EMERGENCY: Надзвичайна ситуація [] []
[2025-12-11T14:46:15.453390+00:00] my_app.INFO: Користувач увійшов в систему {"user":{"id":123,"name":"John Doe"}} []
[2025-12-11T14:47:53.920573+00:00] my_app.DEBUG: Це повідомлення для дебагу [] []
[2025-12-11T14:47:53.921253+00:00] my_app.INFO: Інформаційне повідомлення [] []
[2025-12-11T14:47:53.921327+00:00] my_app.NOTICE: Повідомлення про важливу подію [] []
[2025-12-11T14:47:53.921358+00:00] my_app.WARNING: Попередження [] []
[2025-12-11T14:47:53.921382+00:00] my_app.ERROR: Повідомлення про помилку [] []
[2025-12-11T14:47:53.921404+00:00] my_app.CRITICAL: Критична помилка [] []
[2025-12-11T14:47:53.921425+00:00] my_app.ALERT: Тривожне повідомлення [] []
[2025-12-11T14:47:53.921445+00:00] my_app.EMERGENCY: Надзвичайна ситуація [] []
[2025-12-11T14:47:53.921465+00:00] my_app.INFO: Користувач увійшов в систему {"user":{"id":123,"name":"John Doe"}} []
[2025-12-11T14:56:14.964872+00:00] my_app.DEBUG: Це повідомлення для дебагу [] []
[2025-12-11T14:56:14.968603+00:00] my_app.INFO: Інформаційне повідомлення [] []
[2025-12-11T14:56:14.968684+00:00] my_app.NOTICE: Повідомлення про важливу подію [] []
[2025-12-11T14:56:14.968706+00:00] my_app.WARNING: Попередження [] []
[2025-12-11T14:56:14.968775+00:00] my_app.ERROR: Повідомлення про помилку [] []
[2025-12-11T14:56:14.968790+00:00] my_app.CRITICAL: Критична помилка [] []
[2025-12-11T14:56:14.968803+00:00] my_app.ALERT: Тривожне повідомлення [] []
[2025-12-11T14:56:14.968815+00:00] my_app.EMERGENCY: Надзвичайна ситуація [] []
[2025-12-11T14:56:14.968827+00:00] my_app.INFO: Користувач увійшов в систему {"user":{"id":123,"name":"John Doe"}} []
